<?xml version="1.0" encoding="UTF-8"?>
<coverage generated="1701804116053" clover="3.2.0">
  <project timestamp="1701804116054" name="All files">
    <metrics statements="12" coveredstatements="12" conditionals="7" coveredconditionals="7" methods="2" coveredmethods="2" elements="21" coveredelements="21" complexity="0" loc="12" ncloc="12" packages="2" files="3" classes="3"/>
    <package name="enums.http">
      <metrics statements="3" coveredstatements="3" conditionals="0" coveredconditionals="0" methods="0" coveredmethods="0"/>
      <file name="status-code.js" path="C:\Users\andre\OneDrive\Escritorio\LenguajesProgramacion\Serverless\Api_Bioetanol_DynamoDB_AWS\Api_Bioetanol_Estadisticas_DynamoDB_AWS\src\enums\http\status-code.js">
        <metrics statements="3" coveredstatements="3" conditionals="0" coveredconditionals="0" methods="0" coveredmethods="0"/>
        <line num="6" count="2" type="stmt"/>
        <line num="22" count="2" type="stmt"/>
        <line num="34" count="2" type="stmt"/>
      </file>
    </package>
    <package name="helpers.http">
      <metrics statements="9" coveredstatements="9" conditionals="7" coveredconditionals="7" methods="2" coveredmethods="2"/>
      <file name="body-response.js" path="C:\Users\andre\OneDrive\Escritorio\LenguajesProgramacion\Serverless\Api_Bioetanol_DynamoDB_AWS\Api_Bioetanol_Estadisticas_DynamoDB_AWS\src\helpers\http\body-response.js">
        <metrics statements="3" coveredstatements="3" conditionals="0" coveredconditionals="0" methods="1" coveredmethods="1"/>
        <line num="8" count="1" type="stmt"/>
        <line num="9" count="9" type="stmt"/>
        <line num="22" count="1" type="stmt"/>
      </file>
      <file name="query-string-params.js" path="C:\Users\andre\OneDrive\Escritorio\LenguajesProgramacion\Serverless\Api_Bioetanol_DynamoDB_AWS\Api_Bioetanol_Estadisticas_DynamoDB_AWS\src\helpers\http\query-string-params.js">
        <metrics statements="6" coveredstatements="6" conditionals="7" coveredconditionals="7" methods="1" coveredmethods="1"/>
        <line num="9" count="1" type="stmt"/>
        <line num="10" count="6" type="stmt"/>
        <line num="12" count="6" type="cond" truecount="2" falsecount="0"/>
        <line num="19" count="5" type="stmt"/>
        <line num="21" count="6" type="stmt"/>
        <line num="24" count="1" type="stmt"/>
      </file>
    </package>
  </project>
</coverage>
