{"C:\\Users\\andre\\OneDrive\\Escritorio\\LenguajesProgramacion\\Serverless\\Api_Bioetanol_DynamoDB_AWS\\Api_Bioetanol_Estadisticas_DynamoDB_AWS\\src\\enums\\http\\status-code.js": {"path":"C:\\Users\\andre\\OneDrive\\Escritorio\\LenguajesProgramacion\\Serverless\\Api_Bioetanol_DynamoDB_AWS\\Api_Bioetanol_Estadisticas_DynamoDB_AWS\\src\\enums\\http\\status-code.js","statementMap":{"0":{"start":{"line":6,"column":19},"end":{"line":16,"column":1}},"1":{"start":{"line":22,"column":26},"end":{"line":32,"column":1}},"2":{"start":{"line":34,"column":0},"end":{"line":34,"column":51}}},"fnMap":{},"branchMap":{},"s":{"0":2,"1":2,"2":2},"f":{},"b":{},"_coverageSchema":"1a1c01bbd47fc00a2c39e90264f33305004495a9","hash":"86229003de7aca4e14bf99fcd4adcea63cc4af28"}
,"C:\\Users\\andre\\OneDrive\\Escritorio\\LenguajesProgramacion\\Serverless\\Api_Bioetanol_DynamoDB_AWS\\Api_Bioetanol_Estadisticas_DynamoDB_AWS\\src\\helpers\\http\\body-response.js": {"path":"C:\\Users\\andre\\OneDrive\\Escritorio\\LenguajesProgramacion\\Serverless\\Api_Bioetanol_DynamoDB_AWS\\Api_Bioetanol_Estadisticas_DynamoDB_AWS\\src\\helpers\\http\\body-response.js","statementMap":{"0":{"start":{"line":8,"column":21},"end":{"line":20,"column":1}},"1":{"start":{"line":9,"column":2},"end":{"line":19,"column":4}},"2":{"start":{"line":22,"column":0},"end":{"line":22,"column":34}}},"fnMap":{"0":{"name":"(anonymous_0)","decl":{"start":{"line":8,"column":21},"end":{"line":8,"column":22}},"loc":{"start":{"line":8,"column":59},"end":{"line":20,"column":1}},"line":8}},"branchMap":{},"s":{"0":1,"1":9,"2":1},"f":{"0":9},"b":{},"_coverageSchema":"1a1c01bbd47fc00a2c39e90264f33305004495a9","hash":"2d30e2ffbdb668665bc59999298fe88d60c3a71f"}
,"C:\\Users\\andre\\OneDrive\\Escritorio\\LenguajesProgramacion\\Serverless\\Api_Bioetanol_DynamoDB_AWS\\Api_Bioetanol_Estadisticas_DynamoDB_AWS\\src\\helpers\\http\\query-string-params.js": {"path":"C:\\Users\\andre\\OneDrive\\Escritorio\\LenguajesProgramacion\\Serverless\\Api_Bioetanol_DynamoDB_AWS\\Api_Bioetanol_Estadisticas_DynamoDB_AWS\\src\\helpers\\http\\query-string-params.js","statementMap":{"0":{"start":{"line":9,"column":31},"end":{"line":22,"column":1}},"1":{"start":{"line":10,"column":2},"end":{"line":10,"column":18}},"2":{"start":{"line":12,"column":2},"end":{"line":20,"column":3}},"3":{"start":{"line":19,"column":4},"end":{"line":19,"column":21}},"4":{"start":{"line":21,"column":2},"end":{"line":21,"column":18}},"5":{"start":{"line":24,"column":0},"end":{"line":26,"column":2}}},"fnMap":{"0":{"name":"(anonymous_0)","decl":{"start":{"line":9,"column":31},"end":{"line":9,"column":32}},"loc":{"start":{"line":9,"column":49},"end":{"line":22,"column":1}},"line":9}},"branchMap":{"0":{"loc":{"start":{"line":12,"column":2},"end":{"line":20,"column":3}},"type":"if","locations":[{"start":{"line":12,"column":2},"end":{"line":20,"column":3}},{"start":{},"end":{}}],"line":12},"1":{"loc":{"start":{"line":13,"column":4},"end":{"line":17,"column":36}},"type":"binary-expr","locations":[{"start":{"line":13,"column":4},"end":{"line":13,"column":18}},{"start":{"line":14,"column":4},"end":{"line":14,"column":23}},{"start":{"line":15,"column":4},"end":{"line":15,"column":21}},{"start":{"line":16,"column":4},"end":{"line":16,"column":23}},{"start":{"line":17,"column":4},"end":{"line":17,"column":36}}],"line":13}},"s":{"0":1,"1":6,"2":6,"3":5,"4":6,"5":1},"f":{"0":6},"b":{"0":[5,1],"1":[6,5,5,5,5]},"_coverageSchema":"1a1c01bbd47fc00a2c39e90264f33305004495a9","hash":"64291e2c6e0bdc396c89ee8fc8420626add9a4be"}
}
