TN:
SF:src\enums\http\status-code.js
FNF:0
FNH:0
DA:6,2
DA:22,2
DA:34,2
LF:3
LH:3
BRF:0
BRH:0
end_of_record
TN:
SF:src\helpers\http\body-response.js
FN:8,(anonymous_0)
FNF:1
FNH:1
FNDA:9,(anonymous_0)
DA:8,1
DA:9,9
DA:22,1
LF:3
LH:3
BRF:0
BRH:0
end_of_record
TN:
SF:src\helpers\http\query-string-params.js
FN:9,(anonymous_0)
FNF:1
FNH:1
FNDA:6,(anonymous_0)
DA:9,1
DA:10,6
DA:12,6
DA:19,5
DA:21,6
DA:24,1
LF:6
LH:6
BRDA:12,0,0,5
BRDA:12,0,1,1
BRDA:13,1,0,6
BRDA:13,1,1,5
BRDA:13,1,2,5
BRDA:13,1,3,5
BRDA:13,1,4,5
BRF:7
BRH:7
end_of_record
